1496841107455	geckodriver	INFO	Listening on 127.0.0.1:59221
1496841108751	geckodriver::marionette	INFO	Starting browser /Applications/Firefox.app/Contents/MacOS/firefox-bin with args ["-marionette"]
1496841109221	addons.manager	DEBUG	Application has been upgraded
1496841109272	addons.manager	DEBUG	Loaded provider scope for resource://gre/modules/addons/XPIProvider.jsm: ["XPIProvider"]
1496841109275	addons.manager	DEBUG	Loaded provider scope for resource://gre/modules/LightweightThemeManager.jsm: ["LightweightThemeManager"]
1496841109280	addons.manager	DEBUG	Loaded provider scope for resource://gre/modules/addons/GMPProvider.jsm
1496841109282	addons.manager	DEBUG	Loaded provider scope for resource://gre/modules/addons/PluginProvider.jsm
1496841109283	addons.manager	DEBUG	Starting provider: XPIProvider
1496841109283	addons.xpi	DEBUG	startup
1496841109284	addons.xpi	INFO	Removing all system add-on upgrades.
1496841109284	addons.xpi	INFO	SystemAddonInstallLocation directory is missing
1496841109285	addons.xpi	INFO	Mapping aushelper@mozilla.org to /Applications/Firefox.app/Contents/Resources/browser/features/aushelper@mozilla.org.xpi
1496841109286	addons.xpi	INFO	Mapping e10srollout@mozilla.org to /Applications/Firefox.app/Contents/Resources/browser/features/e10srollout@mozilla.org.xpi
1496841109286	addons.xpi	INFO	Mapping firefox@getpocket.com to /Applications/Firefox.app/Contents/Resources/browser/features/firefox@getpocket.com.xpi
1496841109286	addons.xpi	INFO	Mapping webcompat@mozilla.org to /Applications/Firefox.app/Contents/Resources/browser/features/webcompat@mozilla.org.xpi
1496841109287	addons.xpi	INFO	Mapping {972ce4c6-7e08-4474-a285-3208198ce6fd} to /Applications/Firefox.app/Contents/Resources/browser/extensions/{972ce4c6-7e08-4474-a285-3208198ce6fd}.xpi
1496841109288	addons.xpi	DEBUG	checkForChanges
1496841109288	addons.xpi	INFO	SystemAddonInstallLocation directory is missing
1496841109288	addons.xpi	DEBUG	Loaded add-on state from prefs: {}
1496841109289	addons.xpi	DEBUG	New add-on aushelper@mozilla.org in app-system-defaults
1496841109290	addons.xpi	DEBUG	getModTime: Recursive scan of aushelper@mozilla.org
1496841109291	addons.xpi	DEBUG	New add-on e10srollout@mozilla.org in app-system-defaults
1496841109291	addons.xpi	DEBUG	getModTime: Recursive scan of e10srollout@mozilla.org
1496841109292	addons.xpi	DEBUG	New add-on firefox@getpocket.com in app-system-defaults
1496841109292	addons.xpi	DEBUG	getModTime: Recursive scan of firefox@getpocket.com
1496841109293	addons.xpi	DEBUG	New add-on webcompat@mozilla.org in app-system-defaults
1496841109293	addons.xpi	DEBUG	getModTime: Recursive scan of webcompat@mozilla.org
1496841109294	addons.xpi	DEBUG	New add-on {972ce4c6-7e08-4474-a285-3208198ce6fd} in app-global
1496841109294	addons.xpi	DEBUG	getModTime: Recursive scan of {972ce4c6-7e08-4474-a285-3208198ce6fd}
1496841109294	addons.xpi	DEBUG	getInstallState changed: true, state: {"app-system-defaults":{"aushelper@mozilla.org":{"d":"/Applications/Firefox.app/Contents/Resources/browser/features/aushelper@mozilla.org.xpi","st":1492150928000},"e10srollout@mozilla.org":{"d":"/Applications/Firefox.app/Contents/Resources/browser/features/e10srollout@mozilla.org.xpi","st":1492150928000},"firefox@getpocket.com":{"d":"/Applications/Firefox.app/Contents/Resources/browser/features/firefox@getpocket.com.xpi","st":1492150928000},"webcompat@mozilla.org":{"d":"/Applications/Firefox.app/Contents/Resources/browser/features/webcompat@mozilla.org.xpi","st":1492150928000}},"app-global":{"{972ce4c6-7e08-4474-a285-3208198ce6fd}":{"d":"/Applications/Firefox.app/Contents/Resources/browser/extensions/{972ce4c6-7e08-4474-a285-3208198ce6fd}.xpi","st":1492150928000}}}
1496841109305	addons.xpi-utils	DEBUG	Opening XPI database /var/folders/kn/ctlmv7f57m1_kj_47vbhcvzm0000gn/T/rust_mozprofile.c8cSjd5tIDTl/extensions.json
1496841109306	addons.xpi-utils	DEBUG	New add-on aushelper@mozilla.org installed in app-system-defaults
*** Blocklist::_loadBlocklistFromFile: blocklist is disabled
1496841109320	DeferredSave.extensions.json	DEBUG	Save changes
1496841109320	addons.xpi-utils	DEBUG	New add-on e10srollout@mozilla.org installed in app-system-defaults
1496841109324	DeferredSave.extensions.json	DEBUG	Starting timer
1496841109326	DeferredSave.extensions.json	DEBUG	Save changes
1496841109326	addons.xpi-utils	DEBUG	New add-on firefox@getpocket.com installed in app-system-defaults
1496841109334	DeferredSave.extensions.json	DEBUG	Save changes
1496841109334	addons.xpi-utils	DEBUG	New add-on webcompat@mozilla.org installed in app-system-defaults
1496841109340	DeferredSave.extensions.json	DEBUG	Save changes
1496841109341	addons.xpi-utils	DEBUG	New add-on {972ce4c6-7e08-4474-a285-3208198ce6fd} installed in app-global
1496841109345	DeferredSave.extensions.json	DEBUG	Save changes
1496841109345	addons.manager	DEBUG	Registering startup change 'installed' for aushelper@mozilla.org
1496841109354	addons.xpi	DEBUG	Loading bootstrap scope from /Applications/Firefox.app/Contents/Resources/browser/features/aushelper@mozilla.org.xpi
1496841109360	addons.xpi	DEBUG	Calling bootstrap method install on aushelper@mozilla.org version 2.0
1496841109360	addons.xpi-utils	DEBUG	Make addon app-system-defaults:aushelper@mozilla.org visible
1496841109360	DeferredSave.extensions.json	DEBUG	Save changes
1496841109361	addons.manager	DEBUG	Registering startup change 'installed' for e10srollout@mozilla.org
1496841109362	addons.xpi	DEBUG	Loading bootstrap scope from /Applications/Firefox.app/Contents/Resources/browser/features/e10srollout@mozilla.org.xpi
1496841109364	addons.xpi	DEBUG	Calling bootstrap method install on e10srollout@mozilla.org version 1.14
1496841109365	addons.xpi-utils	DEBUG	Make addon app-system-defaults:e10srollout@mozilla.org visible
1496841109366	DeferredSave.extensions.json	DEBUG	Save changes
1496841109367	addons.manager	DEBUG	Registering startup change 'installed' for firefox@getpocket.com
1496841109368	addons.xpi	DEBUG	Loading bootstrap scope from /Applications/Firefox.app/Contents/Resources/browser/features/firefox@getpocket.com.xpi
1496841109372	addons.xpi	DEBUG	Calling bootstrap method install on firefox@getpocket.com version 1.0.5
1496841109372	addons.xpi-utils	DEBUG	Make addon app-system-defaults:firefox@getpocket.com visible
1496841109372	DeferredSave.extensions.json	DEBUG	Save changes
1496841109373	addons.manager	DEBUG	Registering startup change 'installed' for webcompat@mozilla.org
1496841109373	addons.xpi	DEBUG	Loading bootstrap scope from /Applications/Firefox.app/Contents/Resources/browser/features/webcompat@mozilla.org.xpi
1496841109374	addons.xpi	DEBUG	Calling bootstrap method install on webcompat@mozilla.org version 1.0
1496841109375	addons.xpi-utils	DEBUG	Make addon app-system-defaults:webcompat@mozilla.org visible
1496841109375	DeferredSave.extensions.json	DEBUG	Save changes
1496841109375	addons.xpi-utils	DEBUG	Make addon app-global:{972ce4c6-7e08-4474-a285-3208198ce6fd} visible
1496841109375	DeferredSave.extensions.json	DEBUG	Save changes
1496841109376	addons.xpi	DEBUG	Updating XPIState for {"id":"aushelper@mozilla.org","syncGUID":"{41b73efa-c16d-e64d-b521-7adef2979c31}","location":"app-system-defaults","version":"2.0","type":"extension","internalName":null,"updateURL":null,"updateKey":null,"optionsURL":null,"optionsType":null,"aboutURL":null,"icons":{},"iconURL":null,"icon64URL":null,"defaultLocale":{"name":"Application Update Service Helper","description":"Sets value(s) in the update url based on custom checks.","creator":null,"homepageURL":null},"visible":true,"active":true,"userDisabled":false,"appDisabled":false,"descriptor":"/Applications/Firefox.app/Contents/Resources/browser/features/aushelper@mozilla.org.xpi","installDate":1492150928000,"updateDate":1492150928000,"applyBackgroundUpdates":1,"bootstrap":true,"skinnable":false,"size":8486,"sourceURI":null,"releaseNotesURI":null,"softDisabled":false,"foreignInstall":false,"hasBinaryComponents":false,"strictCompatibility":false,"locales":[],"targetApplications":[{"id":"{ec8030f7-c20a-464f-9b0e-13a3a9e97384}","minVersion":"53.0","maxVersion":"53.*"}],"targetPlatforms":[],"multiprocessCompatible":true,"seen":true,"dependencies":[],"hasEmbeddedWebExtension":false,"mpcOptedOut":false,"userPermissions":null}
1496841109376	addons.xpi	DEBUG	getModTime: Recursive scan of aushelper@mozilla.org
1496841109376	addons.xpi	DEBUG	Updating XPIState for {"id":"e10srollout@mozilla.org","syncGUID":"{0ad880c5-831a-f04b-b10a-958f6e487c32}","location":"app-system-defaults","version":"1.14","type":"extension","internalName":null,"updateURL":null,"updateKey":null,"optionsURL":null,"optionsType":null,"aboutURL":null,"icons":{},"iconURL":null,"icon64URL":null,"defaultLocale":{"name":"Multi-process staged rollout","description":"Staged rollout of Firefox multi-process feature.","creator":null,"homepageURL":null},"visible":true,"active":true,"userDisabled":false,"appDisabled":false,"descriptor":"/Applications/Firefox.app/Contents/Resources/browser/features/e10srollout@mozilla.org.xpi","installDate":1492150928000,"updateDate":1492150928000,"applyBackgroundUpdates":1,"bootstrap":true,"skinnable":false,"size":8476,"sourceURI":null,"releaseNotesURI":null,"softDisabled":false,"foreignInstall":false,"hasBinaryComponents":false,"strictCompatibility":false,"locales":[],"targetApplications":[{"id":"{ec8030f7-c20a-464f-9b0e-13a3a9e97384}","minVersion":"53.0","maxVersion":"53.*"}],"targetPlatforms":[],"multiprocessCompatible":true,"seen":true,"dependencies":[],"hasEmbeddedWebExtension":false,"mpcOptedOut":false,"userPermissions":null}
1496841109376	addons.xpi	DEBUG	getModTime: Recursive scan of e10srollout@mozilla.org
1496841109377	addons.xpi	DEBUG	Updating XPIState for {"id":"firefox@getpocket.com","syncGUID":"{467d2a7f-daa0-c740-bda4-c80c69ce0a30}","location":"app-system-defaults","version":"1.0.5","type":"extension","internalName":null,"updateURL":null,"updateKey":null,"optionsURL":null,"optionsType":null,"aboutURL":null,"icons":{},"iconURL":null,"icon64URL":null,"defaultLocale":{"name":"Pocket","description":"When you find something you want to view later, put it in Pocket.","creator":null,"homepageURL":null},"visible":true,"active":true,"userDisabled":false,"appDisabled":false,"descriptor":"/Applications/Firefox.app/Contents/Resources/browser/features/firefox@getpocket.com.xpi","installDate":1492150928000,"updateDate":1492150928000,"applyBackgroundUpdates":1,"bootstrap":true,"skinnable":false,"size":913723,"sourceURI":null,"releaseNotesURI":null,"softDisabled":false,"foreignInstall":false,"hasBinaryComponents":false,"strictCompatibility":false,"locales":[],"targetApplications":[{"id":"{ec8030f7-c20a-464f-9b0e-13a3a9e97384}","minVersion":"53.0","maxVersion":"53.*"}],"targetPlatforms":[],"multiprocessCompatible":true,"seen":true,"dependencies":[],"hasEmbeddedWebExtension":false,"mpcOptedOut":false,"userPermissions":null}
1496841109377	addons.xpi	DEBUG	getModTime: Recursive scan of firefox@getpocket.com
1496841109377	addons.xpi	DEBUG	Updating XPIState for {"id":"webcompat@mozilla.org","syncGUID":"{cc741aef-ede4-434e-ba3d-9a238e93bd5e}","location":"app-system-defaults","version":"1.0","type":"extension","internalName":null,"updateURL":null,"updateKey":null,"optionsURL":null,"optionsType":null,"aboutURL":null,"icons":{},"iconURL":null,"icon64URL":null,"defaultLocale":{"name":"Web Compat","description":"Urgent post-release fixes for web compatibility.","creator":null,"homepageURL":null},"visible":true,"active":true,"userDisabled":false,"appDisabled":false,"descriptor":"/Applications/Firefox.app/Contents/Resources/browser/features/webcompat@mozilla.org.xpi","installDate":1492150928000,"updateDate":1492150928000,"applyBackgroundUpdates":1,"bootstrap":true,"skinnable":false,"size":1454,"sourceURI":null,"releaseNotesURI":null,"softDisabled":false,"foreignInstall":false,"hasBinaryComponents":false,"strictCompatibility":false,"locales":[],"targetApplications":[{"id":"{ec8030f7-c20a-464f-9b0e-13a3a9e97384}","minVersion":"53.0","maxVersion":"53.*"}],"targetPlatforms":[],"multiprocessCompatible":true,"seen":true,"dependencies":[],"hasEmbeddedWebExtension":false,"mpcOptedOut":false,"userPermissions":null}
1496841109377	addons.xpi	DEBUG	getModTime: Recursive scan of webcompat@mozilla.org
1496841109377	addons.xpi	DEBUG	Updating XPIState for {"id":"{972ce4c6-7e08-4474-a285-3208198ce6fd}","syncGUID":"{4ea5396a-f560-6049-89f1-231e4ad69249}","location":"app-global","version":"53.0","type":"theme","internalName":"classic/1.0","updateURL":null,"updateKey":null,"optionsURL":null,"optionsType":null,"aboutURL":null,"icons":{},"iconURL":"chrome://browser/content/default-theme-icon.svg","icon64URL":null,"defaultLocale":{"name":"Default","description":"The default theme.","creator":"Mozilla","homepageURL":null,"contributors":["Mozilla Contributors"]},"visible":true,"active":true,"userDisabled":false,"appDisabled":false,"descriptor":"/Applications/Firefox.app/Contents/Resources/browser/extensions/{972ce4c6-7e08-4474-a285-3208198ce6fd}.xpi","installDate":1492150928000,"updateDate":1492150928000,"applyBackgroundUpdates":1,"skinnable":true,"size":4332,"sourceURI":null,"releaseNotesURI":null,"softDisabled":false,"foreignInstall":false,"hasBinaryComponents":false,"strictCompatibility":true,"locales":[],"targetApplications":[{"id":"{ec8030f7-c20a-464f-9b0e-13a3a9e97384}","minVersion":"53.0","maxVersion":"53.0"}],"targetPlatforms":[],"seen":true,"dependencies":[],"hasEmbeddedWebExtension":false,"userPermissions":null}
1496841109378	addons.xpi	DEBUG	getModTime: Recursive scan of {972ce4c6-7e08-4474-a285-3208198ce6fd}
1496841109379	DeferredSave.extensions.json	DEBUG	Save changes
1496841109379	addons.xpi	DEBUG	Updating database with changes to installed add-ons
1496841109379	addons.xpi-utils	DEBUG	Updating add-on states
1496841109380	addons.xpi-utils	DEBUG	Writing add-ons list
1496841109382	addons.xpi	DEBUG	Registering manifest for /Applications/Firefox.app/Contents/Resources/browser/features/aushelper@mozilla.org.xpi
1496841109382	addons.xpi	DEBUG	Calling bootstrap method startup on aushelper@mozilla.org version 2.0
1496841109383	addons.xpi	DEBUG	Registering manifest for /Applications/Firefox.app/Contents/Resources/browser/features/e10srollout@mozilla.org.xpi
1496841109383	addons.xpi	DEBUG	Calling bootstrap method startup on e10srollout@mozilla.org version 1.14
1496841109384	addons.xpi	DEBUG	Registering manifest for /Applications/Firefox.app/Contents/Resources/browser/features/firefox@getpocket.com.xpi
1496841109384	addons.xpi	DEBUG	Calling bootstrap method startup on firefox@getpocket.com version 1.0.5
1496841109386	addons.xpi	DEBUG	Registering manifest for /Applications/Firefox.app/Contents/Resources/browser/features/webcompat@mozilla.org.xpi
1496841109386	addons.xpi	DEBUG	Calling bootstrap method startup on webcompat@mozilla.org version 1.0
1496841109389	addons.manager	DEBUG	Registering shutdown blocker for XPIProvider
1496841109389	addons.manager	DEBUG	Provider finished startup: XPIProvider
1496841109389	addons.manager	DEBUG	Starting provider: LightweightThemeManager
1496841109389	addons.manager	DEBUG	Registering shutdown blocker for LightweightThemeManager
1496841109389	addons.manager	DEBUG	Provider finished startup: LightweightThemeManager
1496841109390	addons.manager	DEBUG	Starting provider: GMPProvider
1496841109394	addons.manager	DEBUG	Registering shutdown blocker for GMPProvider
1496841109394	addons.manager	DEBUG	Provider finished startup: GMPProvider
1496841109395	addons.manager	DEBUG	Starting provider: PluginProvider
1496841109395	addons.manager	DEBUG	Registering shutdown blocker for PluginProvider
1496841109395	addons.manager	DEBUG	Provider finished startup: PluginProvider
1496841109395	addons.manager	DEBUG	Completed startup sequence
1496841109791	addons.manager	DEBUG	Starting provider: <unnamed-provider>
1496841109792	addons.manager	DEBUG	Registering shutdown blocker for <unnamed-provider>
1496841109792	addons.manager	DEBUG	Provider finished startup: <unnamed-provider>
1496841109816	addons.manager	DEBUG	Starting provider: PreviousExperimentProvider
1496841109817	addons.manager	DEBUG	Registering shutdown blocker for PreviousExperimentProvider
1496841109818	addons.manager	DEBUG	Provider finished startup: PreviousExperimentProvider
1496841109822	DeferredSave.extensions.json	DEBUG	Starting write
1496841110000	DeferredSave.extensions.json	DEBUG	Write succeeded
1496841110002	addons.xpi-utils	DEBUG	XPI Database saved, setting schema version preference to 19
1496841111152	Marionette	INFO	Listening on port 59230
1496841111222	Marionette	WARN	TLS certificate errors will be ignored for this session
2017-06-07 10:11:51.886 plugin-container[10197:1047684] *** CFMessagePort: bootstrap_register(): failed 1100 (0x44c) 'Permission denied', port = 0x913b, name = 'com.apple.tsm.portname'
See /usr/include/servers/bootstrap_defs.h for the error codes.
2017-06-07 10:11:51.887 plugin-container[10197:1047684] *** CFMessagePort: bootstrap_register(): failed 1100 (0x44c) 'Permission denied', port = 0x9403, name = 'com.apple.CFPasteboardClient'
See /usr/include/servers/bootstrap_defs.h for the error codes.
JavaScript error: resource://gre/modules/LoginManagerParent.jsm, line 75: TypeError: this._recipeManager is null
1496841170931	addons.productaddons	INFO	sending request to: https://aus5.mozilla.org/update/3/GMP/53.0/20170413192749/Darwin_x86_64-gcc3/pt-BR/release/Darwin%2016.6.0/default/default/update.xml
1496841171864	addons.productaddons	INFO	Completed downloading document
1496841172942	addons.productaddons	INFO	downloadXHR File download. status=200
1496841172948	addons.productaddons	INFO	Downloaded file will be saved to /private/var/folders/kn/ctlmv7f57m1_kj_47vbhcvzm0000gn/T/TemporaryItems/tmpaddon
1496841176395	addons.productaddons	INFO	downloadXHR File download. status=200
1496841176401	addons.productaddons	INFO	Downloaded file will be saved to /private/var/folders/kn/ctlmv7f57m1_kj_47vbhcvzm0000gn/T/TemporaryItems/tmpaddon
1496841573415	geckodriver	INFO	Listening on 127.0.0.1:59765
1496841574464	geckodriver::marionette	INFO	Starting browser /Applications/Firefox.app/Contents/MacOS/firefox-bin with args ["-marionette"]
1496841574740	addons.manager	DEBUG	Application has been upgraded
1496841574770	addons.manager	DEBUG	Loaded provider scope for resource://gre/modules/addons/XPIProvider.jsm: ["XPIProvider"]
1496841574772	addons.manager	DEBUG	Loaded provider scope for resource://gre/modules/LightweightThemeManager.jsm: ["LightweightThemeManager"]
1496841574776	addons.manager	DEBUG	Loaded provider scope for resource://gre/modules/addons/GMPProvider.jsm
1496841574777	addons.manager	DEBUG	Loaded provider scope for resource://gre/modules/addons/PluginProvider.jsm
1496841574778	addons.manager	DEBUG	Starting provider: XPIProvider
1496841574779	addons.xpi	DEBUG	startup
1496841574779	addons.xpi	INFO	Removing all system add-on upgrades.
1496841574779	addons.xpi	INFO	SystemAddonInstallLocation directory is missing
1496841574780	addons.xpi	INFO	Mapping aushelper@mozilla.org to /Applications/Firefox.app/Contents/Resources/browser/features/aushelper@mozilla.org.xpi
1496841574781	addons.xpi	INFO	Mapping e10srollout@mozilla.org to /Applications/Firefox.app/Contents/Resources/browser/features/e10srollout@mozilla.org.xpi
1496841574781	addons.xpi	INFO	Mapping firefox@getpocket.com to /Applications/Firefox.app/Contents/Resources/browser/features/firefox@getpocket.com.xpi
1496841574781	addons.xpi	INFO	Mapping webcompat@mozilla.org to /Applications/Firefox.app/Contents/Resources/browser/features/webcompat@mozilla.org.xpi
1496841574782	addons.xpi	INFO	Mapping {972ce4c6-7e08-4474-a285-3208198ce6fd} to /Applications/Firefox.app/Contents/Resources/browser/extensions/{972ce4c6-7e08-4474-a285-3208198ce6fd}.xpi
1496841574782	addons.xpi	DEBUG	checkForChanges
1496841574783	addons.xpi	INFO	SystemAddonInstallLocation directory is missing
1496841574784	addons.xpi	DEBUG	Loaded add-on state from prefs: {}
1496841574785	addons.xpi	DEBUG	New add-on aushelper@mozilla.org in app-system-defaults
1496841574786	addons.xpi	DEBUG	getModTime: Recursive scan of aushelper@mozilla.org
1496841574786	addons.xpi	DEBUG	New add-on e10srollout@mozilla.org in app-system-defaults
1496841574787	addons.xpi	DEBUG	getModTime: Recursive scan of e10srollout@mozilla.org
1496841574787	addons.xpi	DEBUG	New add-on firefox@getpocket.com in app-system-defaults
1496841574788	addons.xpi	DEBUG	getModTime: Recursive scan of firefox@getpocket.com
1496841574788	addons.xpi	DEBUG	New add-on webcompat@mozilla.org in app-system-defaults
1496841574788	addons.xpi	DEBUG	getModTime: Recursive scan of webcompat@mozilla.org
1496841574789	addons.xpi	DEBUG	New add-on {972ce4c6-7e08-4474-a285-3208198ce6fd} in app-global
1496841574789	addons.xpi	DEBUG	getModTime: Recursive scan of {972ce4c6-7e08-4474-a285-3208198ce6fd}
1496841574789	addons.xpi	DEBUG	getInstallState changed: true, state: {"app-system-defaults":{"aushelper@mozilla.org":{"d":"/Applications/Firefox.app/Contents/Resources/browser/features/aushelper@mozilla.org.xpi","st":1492150928000},"e10srollout@mozilla.org":{"d":"/Applications/Firefox.app/Contents/Resources/browser/features/e10srollout@mozilla.org.xpi","st":1492150928000},"firefox@getpocket.com":{"d":"/Applications/Firefox.app/Contents/Resources/browser/features/firefox@getpocket.com.xpi","st":1492150928000},"webcompat@mozilla.org":{"d":"/Applications/Firefox.app/Contents/Resources/browser/features/webcompat@mozilla.org.xpi","st":1492150928000}},"app-global":{"{972ce4c6-7e08-4474-a285-3208198ce6fd}":{"d":"/Applications/Firefox.app/Contents/Resources/browser/extensions/{972ce4c6-7e08-4474-a285-3208198ce6fd}.xpi","st":1492150928000}}}
1496841574796	addons.xpi-utils	DEBUG	Opening XPI database /var/folders/kn/ctlmv7f57m1_kj_47vbhcvzm0000gn/T/rust_mozprofile.66TxD4V6rL7A/extensions.json
1496841574798	addons.xpi-utils	DEBUG	New add-on aushelper@mozilla.org installed in app-system-defaults
*** Blocklist::_loadBlocklistFromFile: blocklist is disabled
1496841574812	DeferredSave.extensions.json	DEBUG	Save changes
1496841574812	addons.xpi-utils	DEBUG	New add-on e10srollout@mozilla.org installed in app-system-defaults
1496841574817	DeferredSave.extensions.json	DEBUG	Starting timer
1496841574818	DeferredSave.extensions.json	DEBUG	Save changes
1496841574818	addons.xpi-utils	DEBUG	New add-on firefox@getpocket.com installed in app-system-defaults
1496841574824	DeferredSave.extensions.json	DEBUG	Save changes
1496841574824	addons.xpi-utils	DEBUG	New add-on webcompat@mozilla.org installed in app-system-defaults
1496841574829	DeferredSave.extensions.json	DEBUG	Save changes
1496841574831	addons.xpi-utils	DEBUG	New add-on {972ce4c6-7e08-4474-a285-3208198ce6fd} installed in app-global
1496841574837	DeferredSave.extensions.json	DEBUG	Save changes
1496841574838	addons.manager	DEBUG	Registering startup change 'installed' for aushelper@mozilla.org
1496841574845	addons.xpi	DEBUG	Loading bootstrap scope from /Applications/Firefox.app/Contents/Resources/browser/features/aushelper@mozilla.org.xpi
1496841574851	addons.xpi	DEBUG	Calling bootstrap method install on aushelper@mozilla.org version 2.0
1496841574851	addons.xpi-utils	DEBUG	Make addon app-system-defaults:aushelper@mozilla.org visible
1496841574851	DeferredSave.extensions.json	DEBUG	Save changes
1496841574853	addons.manager	DEBUG	Registering startup change 'installed' for e10srollout@mozilla.org
1496841574855	addons.xpi	DEBUG	Loading bootstrap scope from /Applications/Firefox.app/Contents/Resources/browser/features/e10srollout@mozilla.org.xpi
1496841574857	addons.xpi	DEBUG	Calling bootstrap method install on e10srollout@mozilla.org version 1.14
1496841574858	addons.xpi-utils	DEBUG	Make addon app-system-defaults:e10srollout@mozilla.org visible
1496841574858	DeferredSave.extensions.json	DEBUG	Save changes
1496841574859	addons.manager	DEBUG	Registering startup change 'installed' for firefox@getpocket.com
1496841574860	addons.xpi	DEBUG	Loading bootstrap scope from /Applications/Firefox.app/Contents/Resources/browser/features/firefox@getpocket.com.xpi
1496841574863	addons.xpi	DEBUG	Calling bootstrap method install on firefox@getpocket.com version 1.0.5
1496841574863	addons.xpi-utils	DEBUG	Make addon app-system-defaults:firefox@getpocket.com visible
1496841574863	DeferredSave.extensions.json	DEBUG	Save changes
1496841574863	addons.manager	DEBUG	Registering startup change 'installed' for webcompat@mozilla.org
1496841574864	addons.xpi	DEBUG	Loading bootstrap scope from /Applications/Firefox.app/Contents/Resources/browser/features/webcompat@mozilla.org.xpi
1496841574867	addons.xpi	DEBUG	Calling bootstrap method install on webcompat@mozilla.org version 1.0
1496841574867	addons.xpi-utils	DEBUG	Make addon app-system-defaults:webcompat@mozilla.org visible
1496841574868	DeferredSave.extensions.json	DEBUG	Save changes
1496841574868	addons.xpi-utils	DEBUG	Make addon app-global:{972ce4c6-7e08-4474-a285-3208198ce6fd} visible
1496841574869	DeferredSave.extensions.json	DEBUG	Save changes
1496841574870	addons.xpi	DEBUG	Updating XPIState for {"id":"aushelper@mozilla.org","syncGUID":"{f0eb2372-4c44-e247-b48a-7efa7e6e719c}","location":"app-system-defaults","version":"2.0","type":"extension","internalName":null,"updateURL":null,"updateKey":null,"optionsURL":null,"optionsType":null,"aboutURL":null,"icons":{},"iconURL":null,"icon64URL":null,"defaultLocale":{"name":"Application Update Service Helper","description":"Sets value(s) in the update url based on custom checks.","creator":null,"homepageURL":null},"visible":true,"active":true,"userDisabled":false,"appDisabled":false,"descriptor":"/Applications/Firefox.app/Contents/Resources/browser/features/aushelper@mozilla.org.xpi","installDate":1492150928000,"updateDate":1492150928000,"applyBackgroundUpdates":1,"bootstrap":true,"skinnable":false,"size":8486,"sourceURI":null,"releaseNotesURI":null,"softDisabled":false,"foreignInstall":false,"hasBinaryComponents":false,"strictCompatibility":false,"locales":[],"targetApplications":[{"id":"{ec8030f7-c20a-464f-9b0e-13a3a9e97384}","minVersion":"53.0","maxVersion":"53.*"}],"targetPlatforms":[],"multiprocessCompatible":true,"seen":true,"dependencies":[],"hasEmbeddedWebExtension":false,"mpcOptedOut":false,"userPermissions":null}
1496841574870	addons.xpi	DEBUG	getModTime: Recursive scan of aushelper@mozilla.org
1496841574871	addons.xpi	DEBUG	Updating XPIState for {"id":"e10srollout@mozilla.org","syncGUID":"{659e487b-24cb-e946-858d-a76a2135df02}","location":"app-system-defaults","version":"1.14","type":"extension","internalName":null,"updateURL":null,"updateKey":null,"optionsURL":null,"optionsType":null,"aboutURL":null,"icons":{},"iconURL":null,"icon64URL":null,"defaultLocale":{"name":"Multi-process staged rollout","description":"Staged rollout of Firefox multi-process feature.","creator":null,"homepageURL":null},"visible":true,"active":true,"userDisabled":false,"appDisabled":false,"descriptor":"/Applications/Firefox.app/Contents/Resources/browser/features/e10srollout@mozilla.org.xpi","installDate":1492150928000,"updateDate":1492150928000,"applyBackgroundUpdates":1,"bootstrap":true,"skinnable":false,"size":8476,"sourceURI":null,"releaseNotesURI":null,"softDisabled":false,"foreignInstall":false,"hasBinaryComponents":false,"strictCompatibility":false,"locales":[],"targetApplications":[{"id":"{ec8030f7-c20a-464f-9b0e-13a3a9e97384}","minVersion":"53.0","maxVersion":"53.*"}],"targetPlatforms":[],"multiprocessCompatible":true,"seen":true,"dependencies":[],"hasEmbeddedWebExtension":false,"mpcOptedOut":false,"userPermissions":null}
1496841574871	addons.xpi	DEBUG	getModTime: Recursive scan of e10srollout@mozilla.org
1496841574871	addons.xpi	DEBUG	Updating XPIState for {"id":"firefox@getpocket.com","syncGUID":"{2881cb4a-7af2-7642-a23b-7775cb1d5fc4}","location":"app-system-defaults","version":"1.0.5","type":"extension","internalName":null,"updateURL":null,"updateKey":null,"optionsURL":null,"optionsType":null,"aboutURL":null,"icons":{},"iconURL":null,"icon64URL":null,"defaultLocale":{"name":"Pocket","description":"When you find something you want to view later, put it in Pocket.","creator":null,"homepageURL":null},"visible":true,"active":true,"userDisabled":false,"appDisabled":false,"descriptor":"/Applications/Firefox.app/Contents/Resources/browser/features/firefox@getpocket.com.xpi","installDate":1492150928000,"updateDate":1492150928000,"applyBackgroundUpdates":1,"bootstrap":true,"skinnable":false,"size":913723,"sourceURI":null,"releaseNotesURI":null,"softDisabled":false,"foreignInstall":false,"hasBinaryComponents":false,"strictCompatibility":false,"locales":[],"targetApplications":[{"id":"{ec8030f7-c20a-464f-9b0e-13a3a9e97384}","minVersion":"53.0","maxVersion":"53.*"}],"targetPlatforms":[],"multiprocessCompatible":true,"seen":true,"dependencies":[],"hasEmbeddedWebExtension":false,"mpcOptedOut":false,"userPermissions":null}
1496841574871	addons.xpi	DEBUG	getModTime: Recursive scan of firefox@getpocket.com
1496841574872	addons.xpi	DEBUG	Updating XPIState for {"id":"webcompat@mozilla.org","syncGUID":"{5f8d57a8-a106-9947-86a0-5b663545d0bc}","location":"app-system-defaults","version":"1.0","type":"extension","internalName":null,"updateURL":null,"updateKey":null,"optionsURL":null,"optionsType":null,"aboutURL":null,"icons":{},"iconURL":null,"icon64URL":null,"defaultLocale":{"name":"Web Compat","description":"Urgent post-release fixes for web compatibility.","creator":null,"homepageURL":null},"visible":true,"active":true,"userDisabled":false,"appDisabled":false,"descriptor":"/Applications/Firefox.app/Contents/Resources/browser/features/webcompat@mozilla.org.xpi","installDate":1492150928000,"updateDate":1492150928000,"applyBackgroundUpdates":1,"bootstrap":true,"skinnable":false,"size":1454,"sourceURI":null,"releaseNotesURI":null,"softDisabled":false,"foreignInstall":false,"hasBinaryComponents":false,"strictCompatibility":false,"locales":[],"targetApplications":[{"id":"{ec8030f7-c20a-464f-9b0e-13a3a9e97384}","minVersion":"53.0","maxVersion":"53.*"}],"targetPlatforms":[],"multiprocessCompatible":true,"seen":true,"dependencies":[],"hasEmbeddedWebExtension":false,"mpcOptedOut":false,"userPermissions":null}
1496841574872	addons.xpi	DEBUG	getModTime: Recursive scan of webcompat@mozilla.org
1496841574872	addons.xpi	DEBUG	Updating XPIState for {"id":"{972ce4c6-7e08-4474-a285-3208198ce6fd}","syncGUID":"{2aff678e-03f4-5147-b2e0-f96c6ae89d84}","location":"app-global","version":"53.0","type":"theme","internalName":"classic/1.0","updateURL":null,"updateKey":null,"optionsURL":null,"optionsType":null,"aboutURL":null,"icons":{},"iconURL":"chrome://browser/content/default-theme-icon.svg","icon64URL":null,"defaultLocale":{"name":"Default","description":"The default theme.","creator":"Mozilla","homepageURL":null,"contributors":["Mozilla Contributors"]},"visible":true,"active":true,"userDisabled":false,"appDisabled":false,"descriptor":"/Applications/Firefox.app/Contents/Resources/browser/extensions/{972ce4c6-7e08-4474-a285-3208198ce6fd}.xpi","installDate":1492150928000,"updateDate":1492150928000,"applyBackgroundUpdates":1,"skinnable":true,"size":4332,"sourceURI":null,"releaseNotesURI":null,"softDisabled":false,"foreignInstall":false,"hasBinaryComponents":false,"strictCompatibility":true,"locales":[],"targetApplications":[{"id":"{ec8030f7-c20a-464f-9b0e-13a3a9e97384}","minVersion":"53.0","maxVersion":"53.0"}],"targetPlatforms":[],"seen":true,"dependencies":[],"hasEmbeddedWebExtension":false,"userPermissions":null}
1496841574872	addons.xpi	DEBUG	getModTime: Recursive scan of {972ce4c6-7e08-4474-a285-3208198ce6fd}
1496841574874	DeferredSave.extensions.json	DEBUG	Save changes
1496841574874	addons.xpi	DEBUG	Updating database with changes to installed add-ons
1496841574874	addons.xpi-utils	DEBUG	Updating add-on states
1496841574875	addons.xpi-utils	DEBUG	Writing add-ons list
1496841574876	addons.xpi	DEBUG	Registering manifest for /Applications/Firefox.app/Contents/Resources/browser/features/aushelper@mozilla.org.xpi
1496841574877	addons.xpi	DEBUG	Calling bootstrap method startup on aushelper@mozilla.org version 2.0
1496841574877	addons.xpi	DEBUG	Registering manifest for /Applications/Firefox.app/Contents/Resources/browser/features/e10srollout@mozilla.org.xpi
1496841574878	addons.xpi	DEBUG	Calling bootstrap method startup on e10srollout@mozilla.org version 1.14
1496841574878	addons.xpi	DEBUG	Registering manifest for /Applications/Firefox.app/Contents/Resources/browser/features/firefox@getpocket.com.xpi
1496841574879	addons.xpi	DEBUG	Calling bootstrap method startup on firefox@getpocket.com version 1.0.5
1496841574880	addons.xpi	DEBUG	Registering manifest for /Applications/Firefox.app/Contents/Resources/browser/features/webcompat@mozilla.org.xpi
1496841574880	addons.xpi	DEBUG	Calling bootstrap method startup on webcompat@mozilla.org version 1.0
1496841574884	addons.manager	DEBUG	Registering shutdown blocker for XPIProvider
1496841574884	addons.manager	DEBUG	Provider finished startup: XPIProvider
1496841574884	addons.manager	DEBUG	Starting provider: LightweightThemeManager
1496841574884	addons.manager	DEBUG	Registering shutdown blocker for LightweightThemeManager
1496841574884	addons.manager	DEBUG	Provider finished startup: LightweightThemeManager
1496841574885	addons.manager	DEBUG	Starting provider: GMPProvider
1496841574891	addons.manager	DEBUG	Registering shutdown blocker for GMPProvider
1496841574891	addons.manager	DEBUG	Provider finished startup: GMPProvider
1496841574891	addons.manager	DEBUG	Starting provider: PluginProvider
1496841574891	addons.manager	DEBUG	Registering shutdown blocker for PluginProvider
1496841574891	addons.manager	DEBUG	Provider finished startup: PluginProvider
1496841574892	addons.manager	DEBUG	Completed startup sequence
1496841575186	addons.manager	DEBUG	Starting provider: <unnamed-provider>
1496841575186	addons.manager	DEBUG	Registering shutdown blocker for <unnamed-provider>
1496841575187	addons.manager	DEBUG	Provider finished startup: <unnamed-provider>
1496841575205	addons.manager	DEBUG	Starting provider: PreviousExperimentProvider
1496841575205	addons.manager	DEBUG	Registering shutdown blocker for PreviousExperimentProvider
1496841575206	addons.manager	DEBUG	Provider finished startup: PreviousExperimentProvider
1496841575209	DeferredSave.extensions.json	DEBUG	Starting write
1496841575383	DeferredSave.extensions.json	DEBUG	Write succeeded
1496841575384	addons.xpi-utils	DEBUG	XPI Database saved, setting schema version preference to 19
1496841576370	Marionette	INFO	Listening on port 59775
1496841576470	Marionette	WARN	TLS certificate errors will be ignored for this session
2017-06-07 10:19:36.958 plugin-container[10236:1077435] *** CFMessagePort: bootstrap_register(): failed 1100 (0x44c) 'Permission denied', port = 0x913b, name = 'com.apple.tsm.portname'
See /usr/include/servers/bootstrap_defs.h for the error codes.
2017-06-07 10:19:36.959 plugin-container[10236:1077435] *** CFMessagePort: bootstrap_register(): failed 1100 (0x44c) 'Permission denied', port = 0x9503, name = 'com.apple.CFPasteboardClient'
See /usr/include/servers/bootstrap_defs.h for the error codes.
1496841589997	addons.xpi	DEBUG	Calling bootstrap method shutdown on webcompat@mozilla.org version 1.0
1496841589998	addons.xpi	DEBUG	Calling bootstrap method shutdown on firefox@getpocket.com version 1.0.5
1496841589999	addons.xpi	DEBUG	Calling bootstrap method shutdown on e10srollout@mozilla.org version 1.14
1496841589999	addons.xpi	DEBUG	Calling bootstrap method shutdown on aushelper@mozilla.org version 2.0
1496841590251	addons.manager	DEBUG	shutdown
1496841590252	addons.manager	DEBUG	Calling shutdown blocker for XPIProvider
1496841590252	addons.xpi	DEBUG	shutdown
1496841590252	addons.xpi-utils	DEBUG	shutdown
1496841590253	addons.manager	DEBUG	Calling shutdown blocker for LightweightThemeManager
1496841590253	addons.manager	DEBUG	Calling shutdown blocker for GMPProvider
1496841590256	addons.manager	DEBUG	Calling shutdown blocker for PluginProvider
1496841590257	addons.manager	DEBUG	Calling shutdown blocker for <unnamed-provider>
1496841590258	addons.manager	DEBUG	Calling shutdown blocker for PreviousExperimentProvider
1496841590265	addons.xpi	DEBUG	Notifying XPI shutdown observers
1496841590269	addons.manager	DEBUG	Async provider shutdown done
1496841591690	addons.xpi	DEBUG	Calling bootstrap method shutdown on webcompat@mozilla.org version 1.0
1496841591694	addons.xpi	DEBUG	Calling bootstrap method shutdown on firefox@getpocket.com version 1.0.5
1496841591696	addons.xpi	DEBUG	Calling bootstrap method shutdown on e10srollout@mozilla.org version 1.14
1496841591698	addons.xpi	DEBUG	Calling bootstrap method shutdown on aushelper@mozilla.org version 2.0
1496841592035	addons.manager	DEBUG	shutdown
1496841592038	addons.manager	DEBUG	Calling shutdown blocker for XPIProvider
1496841592039	addons.xpi	DEBUG	shutdown
1496841592039	addons.xpi-utils	DEBUG	shutdown
1496841592040	addons.manager	DEBUG	Calling shutdown blocker for LightweightThemeManager
1496841592041	addons.manager	DEBUG	Calling shutdown blocker for GMPProvider
1496841592044	addons.manager	DEBUG	Calling shutdown blocker for PluginProvider
1496841592045	addons.manager	DEBUG	Calling shutdown blocker for <unnamed-provider>
1496841592047	addons.manager	DEBUG	Calling shutdown blocker for PreviousExperimentProvider
1496841592050	addons.xpi	DEBUG	Notifying XPI shutdown observers
1496841592054	addons.manager	DEBUG	Async provider shutdown done
